[2023:08:22] [18:24:29] [INFO] {CitadelBot} Beginning System Load
[2023:08:22] [18:24:29] [INFO] {CitadelBot} System version [6.6, release]
[2023:08:22] [18:24:29] [INFO] {CitadelBot} Attempting Discord API Connection
[2023:08:22] [18:24:31] [INFO] {CitadelBot} Discord API Connection Successful
[2023:08:22] [18:24:31] [DEBUG] {CitadelBot} Begin load system settings
[2023:08:22] [18:24:31] [DEBUG] {CitadelBot} --> {"admin_role_id":"1068953107008082030","ping_role_id":"1068968240048517232","bot_member_id":"1072199691871199242","server_id":"1068938396271136778"}
[2023:08:22] [18:24:31] [DEBUG] {CitadelBot} --> {"announce_id":"1068940375215054938","commands_id":"1068942966057611284"}
[2023:08:22] [18:24:31] [DEBUG] {CitadelBot} --> {"command_prefix":"!"}
[2023:08:22] [18:24:31] [DEBUG] {CitadelBot} --> {"citadel_reset_day":"friday","citadel_reset_time":"18:50"}
[2023:08:22] [18:24:31] [DEBUG] {CitadelBot} --> {"activity_type":3,"activity_desc":"The Reaper Squad Citadel"}
[2023:08:22] [18:24:31] [DEBUG] {CitadelBot} --> {"timer_interval_mins":5}
[2023:08:22] [18:24:31] [DEBUG] {CitadelBot} --> {"clan_name":"The Reaper Squad","clan_world":88}
[2023:08:22] [18:24:31] [DEBUG] {CitadelBot} --> {"incentive":"","previous_goal":0,"current_cappers":0,"week_capped":true,"goal_complete":false,"locked":false,"current_goal":10,"previous_cappers":0,"open":false}
[2023:08:22] [18:24:31] [DEBUG] {CitadelBot} --> {"resource_emoji":true}
[2023:08:22] [18:24:31] [DEBUG] {CitadelBot} --> {"bot_owner":"691018224720019546"}
[2023:08:22] [18:24:31] [INFO] {CitadelBot} Finish load system settings
[2023:08:22] [18:24:31] [DEBUG] {CitadelBot} Begin load resources
[2023:08:22] [18:24:31] [DEBUG] {CitadelBot} --> {"max_cap":1200,"goal":0,"name":"timber","active":true,"emoji_id":"1072208567907664004","id":0}
[2023:08:22] [18:24:31] [DEBUG] {CitadelBot} --> {"max_cap":1000,"goal":0,"name":"stone","active":true,"emoji_id":"1072208596546355351","id":1}
[2023:08:22] [18:24:31] [DEBUG] {CitadelBot} --> {"max_cap":1000,"goal":0,"name":"charcoal","active":false,"emoji_id":"1072208662468239482","id":2}
[2023:08:22] [18:24:31] [DEBUG] {CitadelBot} --> {"max_cap":1000,"goal":0,"name":"ore","active":false,"emoji_id":"1072208668298326066","id":3}
[2023:08:22] [18:24:31] [DEBUG] {CitadelBot} --> {"max_cap":1000,"goal":0,"name":"metal_bars","active":false,"emoji_id":"1072208666717061160","id":4}
[2023:08:22] [18:24:31] [DEBUG] {CitadelBot} --> {"max_cap":1000,"goal":0,"name":"precious_ore","active":false,"emoji_id":"1072208672249360535","id":5}
[2023:08:22] [18:24:31] [DEBUG] {CitadelBot} --> {"max_cap":1000,"goal":0,"name":"precious_bars","active":false,"emoji_id":"1072208670999453817","id":6}
[2023:08:22] [18:24:31] [DEBUG] {CitadelBot} --> {"max_cap":1000,"goal":0,"name":"cloth","active":false,"emoji_id":"1072208664884166848","id":7}
[2023:08:22] [18:24:31] [DEBUG] {CitadelBot} --> {"max_cap":1000,"goal":0,"name":"rations","active":false,"emoji_id":"1072208674254245899","id":8}
[2023:08:22] [18:24:31] [INFO] {CitadelBot} Finish load resources
[2023:08:22] [18:24:31] [INFO] {CitadelBot} Setting activity to: { WATCHING } [ The Reaper Squad Citadel ]
[2023:08:22] [18:24:31] [INFO] {CitadelBot} Verified Server: [ name: 'CosmicDiscordBots', id: '1068938396271136778' ]
[2023:08:22] [18:24:31] [DEBUG] {TickTask} <citadel-tick> tick
